<?xml version="1.0" encoding="UTF-8"?>
<!-- Generated by org.testng.reporters.JUnitReportReporter -->
<testsuite hostname="DESKTOP-H975H5S" failures="0" tests="5" name="Internal2.Internal2.TestCalculator" time="0.014" errors="0" timestamp="2024-04-12T19:46:49 IST" skipped="0">
  <testcase classname="Internal2.Internal2.TestCalculator" name="testMultiply" time="0.001"/>
  <testcase classname="Internal2.Internal2.TestCalculator" name="testSubtract" time="0.001"/>
  <testcase classname="Internal2.Internal2.TestCalculator" name="testAdd" time="0.007"/>
  <testcase classname="Internal2.Internal2.TestCalculator" name="testDivide" time="0.004"/>
  <testcase classname="Internal2.Internal2.TestCalculator" name="testDivideByZero" time="0.001"/>
</testsuite> <!-- Internal2.Internal2.TestCalculator -->
